0 info it worked if it ends with ok
1 verbose cli [ '/usr/local/bin/node',
1 verbose cli   '/usr/local/bin/npm',
1 verbose cli   'publish',
1 verbose cli   '--registry',
1 verbose cli   'http://registry.npmjs.org',
1 verbose cli   '--access',
1 verbose cli   'public' ]
2 info using npm@3.9.3
3 info using node@v6.2.1
4 verbose publish [ '.' ]
5 silly cache add args [ '.', null ]
6 verbose cache add spec .
7 silly cache add parsed spec Result {
7 silly cache add   raw: '.',
7 silly cache add   scope: null,
7 silly cache add   name: null,
7 silly cache add   rawSpec: '.',
7 silly cache add   spec: '/Users/laura.carvajal/next/n-automation',
7 silly cache add   type: 'directory' }
8 verbose addLocalDirectory /Users/laura.carvajal/.npm/@financial-times/n-automation/1.2.3/package.tgz not in flight; packing
9 verbose correctMkdir /Users/laura.carvajal/.npm correctMkdir not in flight; initializing
10 info lifecycle @financial-times/n-automation@1.2.3~prepublish: @financial-times/n-automation@1.2.3
11 verbose lifecycle @financial-times/n-automation@1.2.3~prepublish: unsafe-perm in lifecycle true
12 verbose lifecycle @financial-times/n-automation@1.2.3~prepublish: PATH: /usr/local/lib/node_modules/npm/bin/node-gyp-bin:/Users/laura.carvajal/next/n-automation/node_modules/.bin:/usr/local/bin:/Users/laura.carvajal/.rbenv/shims:/Library/Internet Plug-Ins/JavaAppletPlugin.plugin/Contents/Home/bin:/usr/local/bin/sublime:/usr/local/share/npm/bin:/usr/local/sc/bin/:/Users/laura.carvajal/.rbenv/bin:/opt/local/bin:/opt/local/sbin:node_modules/.bin:/opt/local/bin:/opt/local/sbin:/usr/local/bin:/usr/bin:/bin:/usr/sbin:/sbin:/usr/local/MacGPG2/bin:/usr/local/apache-maven-3.3.9/bin
13 verbose lifecycle @financial-times/n-automation@1.2.3~prepublish: CWD: /Users/laura.carvajal/next/n-automation
14 silly lifecycle @financial-times/n-automation@1.2.3~prepublish: Args: [ '-c', 'make build' ]
15 silly lifecycle @financial-times/n-automation@1.2.3~prepublish: Returned: code: 2  signal: null
16 info lifecycle @financial-times/n-automation@1.2.3~prepublish: Failed to exec prepublish script
17 error addLocal Could not install /Users/laura.carvajal/next/n-automation
18 verbose stack Error: @financial-times/n-automation@1.2.3 prepublish: `make build`
18 verbose stack Exit status 2
18 verbose stack     at EventEmitter.<anonymous> (/usr/local/lib/node_modules/npm/lib/utils/lifecycle.js:245:16)
18 verbose stack     at emitTwo (events.js:106:13)
18 verbose stack     at EventEmitter.emit (events.js:191:7)
18 verbose stack     at ChildProcess.<anonymous> (/usr/local/lib/node_modules/npm/lib/utils/spawn.js:24:14)
18 verbose stack     at emitTwo (events.js:106:13)
18 verbose stack     at ChildProcess.emit (events.js:191:7)
18 verbose stack     at maybeClose (internal/child_process.js:852:16)
18 verbose stack     at Process.ChildProcess._handle.onexit (internal/child_process.js:215:5)
19 verbose pkgid @financial-times/n-automation@1.2.3
20 verbose cwd /Users/laura.carvajal/next/n-automation
21 error Darwin 15.5.0
22 error argv "/usr/local/bin/node" "/usr/local/bin/npm" "publish" "--registry" "http://registry.npmjs.org" "--access" "public"
23 error node v6.2.1
24 error npm  v3.9.3
25 error code ELIFECYCLE
26 error @financial-times/n-automation@1.2.3 prepublish: `make build`
26 error Exit status 2
27 error Failed at the @financial-times/n-automation@1.2.3 prepublish script 'make build'.
27 error Make sure you have the latest version of node.js and npm installed.
27 error If you do, this is most likely a problem with the @financial-times/n-automation package,
27 error not with npm itself.
27 error Tell the author that this fails on your system:
27 error     make build
27 error You can get information on how to open an issue for this project with:
27 error     npm bugs @financial-times/n-automation
27 error Or if that isn't available, you can get their info via:
27 error     npm owner ls @financial-times/n-automation
27 error There is likely additional logging output above.
28 verbose exit [ 1, true ]
